[debug] [2022-06-27T13:18:28.879Z] ----------------------------------------------------------------------
[debug] [2022-06-27T13:18:28.882Z] Command:       C:\Program Files\nodejs\node.exe C:\Users\leezh\AppData\Roaming\npm\node_modules\firebase-tools\lib\bin\firebase.js init hosting
[debug] [2022-06-27T13:18:28.882Z] CLI Version:   11.0.1
[debug] [2022-06-27T13:18:28.883Z] Platform:      win32
[debug] [2022-06-27T13:18:28.883Z] Node Version:  v16.15.0
[debug] [2022-06-27T13:18:28.884Z] Time:          Mon Jun 27 2022 21:18:28 GMT+0800 (Singapore Standard Time)
[debug] [2022-06-27T13:18:28.884Z] ----------------------------------------------------------------------
[debug] 
[debug] [2022-06-27T13:18:28.888Z] >>> [apiv2][query] GET https://firebase-public.firebaseio.com/cli.json [none]
[debug] [2022-06-27T13:18:28.973Z] > command requires scopes: ["email","openid","https://www.googleapis.com/auth/cloudplatformprojects.readonly","https://www.googleapis.com/auth/firebase","https://www.googleapis.com/auth/cloud-platform"]
[debug] [2022-06-27T13:18:28.973Z] > authorizing via signed-in user (leezhixuan001@gmail.com)
[info] 
     ######## #### ########  ######## ########     ###     ######  ########
     ##        ##  ##     ## ##       ##     ##  ##   ##  ##       ##
     ######    ##  ########  ######   ########  #########  ######  ######
     ##        ##  ##    ##  ##       ##     ## ##     ##       ## ##
     ##       #### ##     ## ######## ########  ##     ##  ######  ########

You're about to initialize a Firebase project in this directory:

  C:\Users\leezh\Documents\Coding\Orbital Test\Orbital-Duty-Planner

Before we get started, keep in mind:

  * You are initializing within an existing Firebase project directory

[debug] [2022-06-27T13:18:29.596Z] <<< [apiv2][status] GET https://firebase-public.firebaseio.com/cli.json 200
[debug] [2022-06-27T13:18:29.596Z] <<< [apiv2][body] GET https://firebase-public.firebaseio.com/cli.json {"cloudBuildErrorAfter":1594252800000,"cloudBuildWarnAfter":1590019200000,"defaultNode10After":1594252800000,"minVersion":"3.0.5","node8DeploysDisabledAfter":1613390400000,"node8RuntimeDisabledAfter":1615809600000,"node8WarnAfter":1600128000000}
[info] 
=== Project Setup
[info] 
[info] First, let's associate this project directory with a Firebase project.
[info] You can create multiple project aliases by running firebase use --add, 
[info] but for now we'll just set up a default project.
[info] 
[debug] [2022-06-27T13:18:35.039Z] Using project from CLI flag: plan-it-daf58
[debug] [2022-06-27T13:18:35.040Z] > refreshing access token with scopes: []
[debug] [2022-06-27T13:18:35.040Z] >>> HTTP REQUEST POST https://www.googleapis.com/oauth2/v3/token  
 <request body omitted>
[debug] [2022-06-27T13:18:35.148Z] <<< HTTP RESPONSE 200 {"pragma":"no-cache","date":"Mon, 27 Jun 2022 13:18:34 GMT","cache-control":"no-cache, no-store, max-age=0, must-revalidate","expires":"Mon, 01 Jan 1990 00:00:00 GMT","content-type":"application/json; charset=utf-8","vary":"X-Origin, Referer, Origin,Accept-Encoding","server":"scaffolding on HTTPServer2","x-xss-protection":"0","x-frame-options":"SAMEORIGIN","x-content-type-options":"nosniff","alt-svc":"h3=\":443\"; ma=2592000,h3-29=\":443\"; ma=2592000,h3-Q050=\":443\"; ma=2592000,h3-Q046=\":443\"; ma=2592000,h3-Q043=\":443\"; ma=2592000,quic=\":443\"; ma=2592000; v=\"46,43\"","accept-ranges":"none","transfer-encoding":"chunked"}
[debug] [2022-06-27T13:18:35.168Z] >>> [apiv2][query] GET https://firebase.googleapis.com/v1beta1/projects/plan-it-daf58 [none]
[debug] [2022-06-27T13:18:35.618Z] <<< [apiv2][status] GET https://firebase.googleapis.com/v1beta1/projects/plan-it-daf58 200
[debug] [2022-06-27T13:18:35.618Z] <<< [apiv2][body] GET https://firebase.googleapis.com/v1beta1/projects/plan-it-daf58 {"projectId":"plan-it-daf58","projectNumber":"680149490633","displayName":"Plan-it","name":"projects/plan-it-daf58","resources":{"hostingSite":"plan-it-daf58","realtimeDatabaseInstance":"plan-it-daf58-default-rtdb"},"state":"ACTIVE"}
[info] i  Using project plan-it-daf58 (Plan-it) 
[info] 
=== Hosting Setup
[info] 
[info] Your public directory is the folder (relative to your project directory) that
[info] will contain Hosting assets to be uploaded with firebase deploy. If you
[info] have a build process for your assets, use your build's output directory.
[info] 
